2025-04-08 19:05:40 - INFO - __main__ - [19:05:40] Starting training process...
2025-04-08 19:05:40 - INFO - __main__ - Environment variables set
2025-04-08 19:05:42 - INFO - __main__ - CUDA device: NVIDIA GeForce RTX 4050 Laptop GPU
2025-04-08 19:05:42 - INFO - __main__ - Total memory: 6.44 GB
2025-04-08 19:05:42 - INFO - __main__ - [19:05:42] Checking memory requirements...
2025-04-08 19:05:42 - INFO - __main__ - Starting dataset loading...
2025-04-08 19:05:42 - INFO - __main__ - [19:05:42] Loading wikipedia dataset...
2025-04-08 19:05:45 - INFO - __main__ - [19:05:45] Limiting wikipedia dataset to 500,000 samples
2025-04-08 19:05:45 - INFO - __main__ - [19:05:45] Successfully loaded wikipedia dataset with 500,000 samples
2025-04-08 19:05:45 - INFO - __main__ - [19:05:45] Added Wikipedia dataset to collection
2025-04-08 19:05:45 - INFO - __main__ - [19:05:45] Loading bookcorpus dataset...
2025-04-08 19:05:48 - INFO - __main__ - [19:05:48] Limiting bookcorpus dataset to 500,000 samples
2025-04-08 19:05:48 - INFO - __main__ - [19:05:48] Successfully loaded bookcorpus dataset with 500,000 samples
2025-04-08 19:05:48 - INFO - __main__ - [19:05:48] Added BookCorpus dataset to collection
2025-04-08 19:05:48 - INFO - __main__ - [19:05:48] Starting dataset processing...
2025-04-08 19:05:48 - INFO - __main__ - [19:05:48] Processing dataset 1/2
2025-04-08 19:05:53 - INFO - __main__ - [19:05:53] Processed 125,837/1,000,000 examples (12.58%)
2025-04-08 19:05:58 - INFO - __main__ - [19:05:58] Processed 262,757/1,000,000 examples (26.28%)
2025-04-08 19:06:03 - INFO - __main__ - [19:06:03] Processed 419,272/1,000,000 examples (41.93%)
2025-04-08 19:06:06 - INFO - __main__ - [19:06:06] Processing dataset 2/2
2025-04-08 19:06:08 - INFO - __main__ - [19:06:08] Processed 805,511/1,000,000 examples (80.55%)
2025-04-08 19:06:10 - INFO - __main__ - [19:06:10] Dataset loading complete. Loaded 1,000,000 examples, ~512,000,000 tokens
2025-04-08 19:06:10 - INFO - __main__ - Data Loading took 28.71 seconds
2025-04-08 19:06:10 - INFO - __main__ - [19:06:10] Starting tokenizer training...
2025-04-08 19:08:13 - INFO - __main__ - Custom tokenizer trained and saved
2025-04-08 19:08:14 - INFO - __main__ - [19:08:14] Tokenizer training complete
2025-04-08 19:08:14 - INFO - __main__ - Tokenizer Training took 123.12 seconds
2025-04-08 19:08:14 - INFO - __main__ - [19:08:14] Starting model initialization...
2025-04-08 19:08:42 - INFO - __main__ - Total trainable parameters: 3,669,143,040
2025-04-08 19:08:42 - WARNING - __main__ - [19:08:42] Model size 3,669,143,040 is outside the 4-5B range
2025-04-08 19:08:42 - INFO - __main__ - [19:08:42] Moving model to device and applying optimizations...
2025-04-08 19:08:49 - INFO - __main__ - Model Initialization took 35.64 seconds
2025-04-08 19:08:49 - INFO - __main__ - [19:08:49] Creating dataset and dataloader...
2025-04-08 19:08:49 - INFO - __main__ - [19:08:49] Starting SimpleDataset initialization with 1,000,000 examples
2025-04-08 19:08:54 - INFO - __main__ - [19:08:54] Processed 836/1,000,000 examples (0.08%)
2025-04-08 19:08:59 - INFO - __main__ - [19:08:59] Processed 1,820/1,000,000 examples (0.18%)
2025-04-08 19:09:04 - INFO - __main__ - [19:09:04] Processed 2,638/1,000,000 examples (0.26%)
2025-04-08 19:09:09 - INFO - __main__ - [19:09:09] Processed 3,568/1,000,000 examples (0.36%)
2025-04-08 19:09:14 - INFO - __main__ - [19:09:14] Processed 4,441/1,000,000 examples (0.44%)
2025-04-08 19:09:19 - INFO - __main__ - [19:09:19] Processed 5,365/1,000,000 examples (0.54%)
2025-04-08 19:09:24 - INFO - __main__ - [19:09:24] Processed 6,296/1,000,000 examples (0.63%)
2025-04-08 19:09:29 - INFO - __main__ - [19:09:29] Processed 7,021/1,000,000 examples (0.70%)
2025-04-08 19:09:34 - INFO - __main__ - [19:09:34] Processed 7,806/1,000,000 examples (0.78%)
2025-04-08 19:09:39 - INFO - __main__ - [19:09:39] Processed 8,720/1,000,000 examples (0.87%)
2025-04-08 19:09:44 - INFO - __main__ - [19:09:44] Processed 9,582/1,000,000 examples (0.96%)
2025-04-08 19:09:49 - INFO - __main__ - [19:09:49] Processed 10,424/1,000,000 examples (1.04%)
2025-04-08 19:09:54 - INFO - __main__ - [19:09:54] Processed 11,228/1,000,000 examples (1.12%)
2025-04-08 19:09:59 - INFO - __main__ - [19:09:59] Processed 12,089/1,000,000 examples (1.21%)
2025-04-08 19:10:04 - INFO - __main__ - [19:10:04] Processed 12,916/1,000,000 examples (1.29%)
2025-04-08 19:10:09 - INFO - __main__ - [19:10:09] Processed 13,738/1,000,000 examples (1.37%)
2025-04-08 19:10:14 - INFO - __main__ - [19:10:14] Processed 14,526/1,000,000 examples (1.45%)
2025-04-08 19:10:19 - INFO - __main__ - [19:10:19] Processed 15,303/1,000,000 examples (1.53%)
2025-04-08 19:10:24 - INFO - __main__ - [19:10:24] Processed 16,073/1,000,000 examples (1.61%)
2025-04-08 19:10:29 - INFO - __main__ - [19:10:29] Processed 16,863/1,000,000 examples (1.69%)
2025-04-08 19:10:34 - INFO - __main__ - [19:10:34] Processed 18,690/1,000,000 examples (1.87%)
2025-04-08 19:10:39 - INFO - __main__ - [19:10:39] Processed 19,713/1,000,000 examples (1.97%)
2025-04-08 19:10:44 - INFO - __main__ - [19:10:44] Processed 21,560/1,000,000 examples (2.16%)
2025-04-08 19:10:49 - INFO - __main__ - [19:10:49] Processed 22,736/1,000,000 examples (2.27%)
2025-04-08 19:10:54 - INFO - __main__ - [19:10:54] Processed 23,834/1,000,000 examples (2.38%)
2025-04-08 19:10:59 - INFO - __main__ - [19:10:59] Processed 24,991/1,000,000 examples (2.50%)
2025-04-08 19:11:04 - INFO - __main__ - [19:11:04] Processed 26,040/1,000,000 examples (2.60%)
2025-04-08 19:11:09 - INFO - __main__ - [19:11:09] Processed 27,123/1,000,000 examples (2.71%)
2025-04-08 19:11:14 - INFO - __main__ - [19:11:14] Processed 28,302/1,000,000 examples (2.83%)
2025-04-08 19:11:19 - INFO - __main__ - [19:11:19] Processed 29,416/1,000,000 examples (2.94%)
2025-04-08 19:11:24 - INFO - __main__ - [19:11:24] Processed 30,685/1,000,000 examples (3.07%)
2025-04-08 19:11:29 - INFO - __main__ - [19:11:29] Processed 32,016/1,000,000 examples (3.20%)
2025-04-08 19:11:34 - INFO - __main__ - [19:11:34] Processed 33,146/1,000,000 examples (3.31%)
2025-04-08 19:11:39 - INFO - __main__ - [19:11:39] Processed 34,551/1,000,000 examples (3.46%)
2025-04-08 19:11:44 - INFO - __main__ - [19:11:44] Processed 35,782/1,000,000 examples (3.58%)
2025-04-08 19:11:49 - INFO - __main__ - [19:11:49] Processed 37,131/1,000,000 examples (3.71%)
2025-04-08 19:11:54 - INFO - __main__ - [19:11:54] Processed 38,718/1,000,000 examples (3.87%)
2025-04-08 19:11:59 - INFO - __main__ - [19:11:59] Processed 40,488/1,000,000 examples (4.05%)
2025-04-08 19:12:04 - INFO - __main__ - [19:12:04] Processed 42,215/1,000,000 examples (4.22%)
2025-04-08 19:12:09 - INFO - __main__ - [19:12:09] Processed 44,167/1,000,000 examples (4.42%)
2025-04-08 19:12:14 - INFO - __main__ - [19:12:14] Processed 46,393/1,000,000 examples (4.64%)
2025-04-08 19:12:19 - INFO - __main__ - [19:12:19] Processed 48,087/1,000,000 examples (4.81%)
2025-04-08 19:12:24 - INFO - __main__ - [19:12:24] Processed 50,254/1,000,000 examples (5.03%)
2025-04-08 19:12:29 - INFO - __main__ - [19:12:29] Processed 52,423/1,000,000 examples (5.24%)
2025-04-08 19:12:34 - INFO - __main__ - [19:12:34] Processed 55,624/1,000,000 examples (5.56%)
2025-04-08 19:12:39 - INFO - __main__ - [19:12:39] Processed 58,816/1,000,000 examples (5.88%)
2025-04-08 19:12:44 - INFO - __main__ - [19:12:44] Processed 62,481/1,000,000 examples (6.25%)
2025-04-08 19:12:49 - INFO - __main__ - [19:12:49] Processed 67,264/1,000,000 examples (6.73%)
2025-04-08 19:12:54 - INFO - __main__ - [19:12:54] Processed 69,443/1,000,000 examples (6.94%)
2025-04-08 19:12:59 - INFO - __main__ - [19:12:59] Processed 72,678/1,000,000 examples (7.27%)
2025-04-08 19:13:04 - INFO - __main__ - [19:13:04] Processed 76,747/1,000,000 examples (7.67%)
2025-04-08 19:13:09 - INFO - __main__ - [19:13:09] Processed 80,201/1,000,000 examples (8.02%)
2025-04-08 19:13:14 - INFO - __main__ - [19:13:14] Processed 83,573/1,000,000 examples (8.36%)
2025-04-08 19:13:19 - INFO - __main__ - [19:13:19] Processed 85,107/1,000,000 examples (8.51%)
2025-04-08 19:13:24 - INFO - __main__ - [19:13:24] Processed 86,537/1,000,000 examples (8.65%)
2025-04-08 19:13:29 - INFO - __main__ - [19:13:29] Processed 88,384/1,000,000 examples (8.84%)
2025-04-08 19:13:34 - INFO - __main__ - [19:13:34] Processed 90,103/1,000,000 examples (9.01%)
2025-04-08 19:13:39 - INFO - __main__ - [19:13:39] Processed 91,545/1,000,000 examples (9.15%)
2025-04-08 19:13:44 - INFO - __main__ - [19:13:44] Processed 92,890/1,000,000 examples (9.29%)
2025-04-08 19:13:49 - INFO - __main__ - [19:13:49] Processed 94,251/1,000,000 examples (9.43%)
2025-04-08 19:13:54 - INFO - __main__ - [19:13:54] Processed 95,600/1,000,000 examples (9.56%)
2025-04-08 19:13:59 - INFO - __main__ - [19:13:59] Processed 96,992/1,000,000 examples (9.70%)
2025-04-08 19:14:04 - INFO - __main__ - [19:14:04] Processed 98,779/1,000,000 examples (9.88%)
2025-04-08 19:14:09 - INFO - __main__ - [19:14:09] Processed 100,416/1,000,000 examples (10.04%)
2025-04-08 19:14:14 - INFO - __main__ - [19:14:14] Processed 101,930/1,000,000 examples (10.19%)
2025-04-08 19:14:19 - INFO - __main__ - [19:14:19] Processed 103,519/1,000,000 examples (10.35%)
2025-04-08 19:14:24 - INFO - __main__ - [19:14:24] Processed 105,128/1,000,000 examples (10.51%)
2025-04-08 19:14:29 - INFO - __main__ - [19:14:29] Processed 106,794/1,000,000 examples (10.68%)
2025-04-08 19:14:34 - INFO - __main__ - [19:14:34] Processed 108,466/1,000,000 examples (10.85%)
2025-04-08 19:14:39 - INFO - __main__ - [19:14:39] Processed 110,195/1,000,000 examples (11.02%)
2025-04-08 19:14:44 - INFO - __main__ - [19:14:44] Processed 111,929/1,000,000 examples (11.19%)
2025-04-08 19:14:49 - INFO - __main__ - [19:14:49] Processed 113,680/1,000,000 examples (11.37%)
2025-04-08 19:14:54 - INFO - __main__ - [19:14:54] Processed 115,502/1,000,000 examples (11.55%)
2025-04-08 19:14:59 - INFO - __main__ - [19:14:59] Processed 117,397/1,000,000 examples (11.74%)
2025-04-08 19:15:04 - INFO - __main__ - [19:15:04] Processed 119,180/1,000,000 examples (11.92%)
2025-04-08 19:15:09 - INFO - __main__ - [19:15:09] Processed 120,898/1,000,000 examples (12.09%)
2025-04-08 19:15:14 - INFO - __main__ - [19:15:14] Processed 122,565/1,000,000 examples (12.26%)
2025-04-08 19:15:20 - INFO - __main__ - [19:15:20] Processed 124,302/1,000,000 examples (12.43%)
2025-04-08 19:15:25 - INFO - __main__ - [19:15:25] Processed 126,103/1,000,000 examples (12.61%)
2025-04-08 19:15:30 - INFO - __main__ - [19:15:30] Processed 128,485/1,000,000 examples (12.85%)
2025-04-08 19:15:35 - INFO - __main__ - [19:15:35] Processed 130,150/1,000,000 examples (13.01%)
2025-04-08 19:15:40 - INFO - __main__ - [19:15:40] Processed 131,950/1,000,000 examples (13.20%)
2025-04-08 19:15:45 - INFO - __main__ - [19:15:45] Processed 133,551/1,000,000 examples (13.36%)
2025-04-08 19:15:50 - INFO - __main__ - [19:15:50] Processed 135,409/1,000,000 examples (13.54%)
2025-04-08 19:15:55 - INFO - __main__ - [19:15:55] Processed 137,006/1,000,000 examples (13.70%)
2025-04-08 19:16:00 - INFO - __main__ - [19:16:00] Processed 138,801/1,000,000 examples (13.88%)
2025-04-08 19:16:05 - INFO - __main__ - [19:16:05] Processed 140,458/1,000,000 examples (14.05%)
2025-04-08 19:16:10 - INFO - __main__ - [19:16:10] Processed 142,197/1,000,000 examples (14.22%)
2025-04-08 19:16:15 - INFO - __main__ - [19:16:15] Processed 143,968/1,000,000 examples (14.40%)
2025-04-08 19:16:20 - INFO - __main__ - [19:16:20] Processed 145,834/1,000,000 examples (14.58%)
2025-04-08 19:16:25 - INFO - __main__ - [19:16:25] Processed 147,789/1,000,000 examples (14.78%)
2025-04-08 19:16:30 - INFO - __main__ - [19:16:30] Processed 149,964/1,000,000 examples (15.00%)
2025-04-08 19:16:35 - INFO - __main__ - [19:16:35] Processed 151,953/1,000,000 examples (15.20%)
2025-04-08 19:16:40 - INFO - __main__ - [19:16:40] Processed 153,955/1,000,000 examples (15.40%)
2025-04-08 19:16:45 - INFO - __main__ - [19:16:45] Processed 155,895/1,000,000 examples (15.59%)
2025-04-08 19:16:50 - INFO - __main__ - [19:16:50] Processed 157,755/1,000,000 examples (15.78%)
2025-04-08 19:16:55 - INFO - __main__ - [19:16:55] Processed 159,522/1,000,000 examples (15.95%)
2025-04-08 19:17:00 - INFO - __main__ - [19:17:00] Processed 161,473/1,000,000 examples (16.15%)
2025-04-08 19:17:05 - INFO - __main__ - [19:17:05] Processed 163,456/1,000,000 examples (16.35%)
2025-04-08 19:17:10 - INFO - __main__ - [19:17:10] Processed 165,440/1,000,000 examples (16.54%)
2025-04-08 19:17:15 - INFO - __main__ - [19:17:15] Processed 167,467/1,000,000 examples (16.75%)
2025-04-08 19:17:20 - INFO - __main__ - [19:17:20] Processed 169,596/1,000,000 examples (16.96%)
2025-04-08 19:17:25 - INFO - __main__ - [19:17:25] Processed 171,587/1,000,000 examples (17.16%)
2025-04-08 19:17:30 - INFO - __main__ - [19:17:30] Processed 173,652/1,000,000 examples (17.37%)
2025-04-08 19:17:35 - INFO - __main__ - [19:17:35] Processed 175,658/1,000,000 examples (17.57%)
2025-04-08 19:17:40 - INFO - __main__ - [19:17:40] Processed 177,729/1,000,000 examples (17.77%)
2025-04-08 19:17:45 - INFO - __main__ - [19:17:45] Processed 179,887/1,000,000 examples (17.99%)
2025-04-08 19:17:50 - INFO - __main__ - [19:17:50] Processed 182,043/1,000,000 examples (18.20%)
2025-04-08 19:17:55 - INFO - __main__ - [19:17:55] Processed 184,254/1,000,000 examples (18.43%)
2025-04-08 19:18:00 - INFO - __main__ - [19:18:00] Processed 186,511/1,000,000 examples (18.65%)
2025-04-08 19:18:05 - INFO - __main__ - [19:18:05] Processed 188,809/1,000,000 examples (18.88%)
2025-04-08 19:18:10 - INFO - __main__ - [19:18:10] Processed 191,222/1,000,000 examples (19.12%)
2025-04-08 19:18:15 - INFO - __main__ - [19:18:15] Processed 193,634/1,000,000 examples (19.36%)
2025-04-08 19:18:20 - INFO - __main__ - [19:18:20] Processed 196,115/1,000,000 examples (19.61%)
2025-04-08 19:18:25 - INFO - __main__ - [19:18:25] Processed 198,457/1,000,000 examples (19.85%)
2025-04-08 19:18:30 - INFO - __main__ - [19:18:30] Processed 200,764/1,000,000 examples (20.08%)
2025-04-08 19:18:35 - INFO - __main__ - [19:18:35] Processed 203,167/1,000,000 examples (20.32%)
2025-04-08 19:18:40 - INFO - __main__ - [19:18:40] Processed 205,788/1,000,000 examples (20.58%)
2025-04-08 19:18:45 - INFO - __main__ - [19:18:45] Processed 207,673/1,000,000 examples (20.77%)
2025-04-08 19:18:50 - INFO - __main__ - [19:18:50] Processed 208,988/1,000,000 examples (20.90%)
2025-04-08 19:18:55 - INFO - __main__ - [19:18:55] Processed 211,471/1,000,000 examples (21.15%)
2025-04-08 19:19:00 - INFO - __main__ - [19:19:00] Processed 214,058/1,000,000 examples (21.41%)
2025-04-08 19:19:05 - INFO - __main__ - [19:19:05] Processed 216,595/1,000,000 examples (21.66%)
2025-04-08 19:19:10 - INFO - __main__ - [19:19:10] Processed 219,060/1,000,000 examples (21.91%)
2025-04-08 19:19:15 - INFO - __main__ - [19:19:15] Processed 221,038/1,000,000 examples (22.10%)
2025-04-08 19:19:20 - INFO - __main__ - [19:19:20] Processed 223,576/1,000,000 examples (22.36%)
2025-04-08 19:19:25 - INFO - __main__ - [19:19:25] Processed 225,853/1,000,000 examples (22.59%)
2025-04-08 19:19:30 - INFO - __main__ - [19:19:30] Processed 228,549/1,000,000 examples (22.85%)
2025-04-08 19:19:35 - INFO - __main__ - [19:19:35] Processed 231,156/1,000,000 examples (23.12%)
2025-04-08 19:19:40 - INFO - __main__ - [19:19:40] Processed 233,539/1,000,000 examples (23.35%)
2025-04-08 19:19:45 - INFO - __main__ - [19:19:45] Processed 235,931/1,000,000 examples (23.59%)
2025-04-08 19:19:50 - INFO - __main__ - [19:19:50] Processed 238,618/1,000,000 examples (23.86%)
2025-04-08 19:19:55 - INFO - __main__ - [19:19:55] Processed 241,240/1,000,000 examples (24.12%)
2025-04-08 19:20:00 - INFO - __main__ - [19:20:00] Processed 243,705/1,000,000 examples (24.37%)
2025-04-08 19:20:05 - INFO - __main__ - [19:20:05] Processed 246,057/1,000,000 examples (24.61%)
2025-04-08 19:20:10 - INFO - __main__ - [19:20:10] Processed 248,785/1,000,000 examples (24.88%)
2025-04-08 19:20:15 - INFO - __main__ - [19:20:15] Processed 251,328/1,000,000 examples (25.13%)
2025-04-08 19:20:20 - INFO - __main__ - [19:20:20] Processed 253,864/1,000,000 examples (25.39%)
2025-04-08 19:20:25 - INFO - __main__ - [19:20:25] Processed 256,371/1,000,000 examples (25.64%)
2025-04-08 19:20:30 - INFO - __main__ - [19:20:30] Processed 259,157/1,000,000 examples (25.92%)
2025-04-08 19:20:35 - INFO - __main__ - [19:20:35] Processed 261,177/1,000,000 examples (26.12%)
2025-04-08 19:20:40 - INFO - __main__ - [19:20:40] Processed 262,767/1,000,000 examples (26.28%)
2025-04-08 19:20:45 - INFO - __main__ - [19:20:45] Processed 265,337/1,000,000 examples (26.53%)
2025-04-08 19:20:50 - INFO - __main__ - [19:20:50] Processed 267,931/1,000,000 examples (26.79%)
2025-04-08 19:20:55 - INFO - __main__ - [19:20:55] Processed 270,800/1,000,000 examples (27.08%)
2025-04-08 19:21:00 - INFO - __main__ - [19:21:00] Processed 273,332/1,000,000 examples (27.33%)
2025-04-08 19:21:05 - INFO - __main__ - [19:21:05] Processed 276,289/1,000,000 examples (27.63%)
2025-04-08 19:21:10 - INFO - __main__ - [19:21:10] Processed 278,883/1,000,000 examples (27.89%)
2025-04-08 19:21:15 - INFO - __main__ - [19:21:15] Processed 281,407/1,000,000 examples (28.14%)
2025-04-08 19:21:20 - INFO - __main__ - [19:21:20] Processed 284,078/1,000,000 examples (28.41%)
2025-04-08 19:21:25 - INFO - __main__ - [19:21:25] Processed 286,806/1,000,000 examples (28.68%)
2025-04-08 19:21:30 - INFO - __main__ - [19:21:30] Processed 289,845/1,000,000 examples (28.98%)
2025-04-08 19:21:35 - INFO - __main__ - [19:21:35] Processed 292,665/1,000,000 examples (29.27%)
2025-04-08 19:21:40 - INFO - __main__ - [19:21:40] Processed 295,513/1,000,000 examples (29.55%)
2025-04-08 19:21:45 - INFO - __main__ - [19:21:45] Processed 298,309/1,000,000 examples (29.83%)
2025-04-08 19:21:50 - INFO - __main__ - [19:21:50] Processed 300,854/1,000,000 examples (30.09%)
2025-04-08 19:21:55 - INFO - __main__ - [19:21:55] Processed 303,596/1,000,000 examples (30.36%)
2025-04-08 19:22:00 - INFO - __main__ - [19:22:00] Processed 306,723/1,000,000 examples (30.67%)
2025-04-08 19:22:05 - INFO - __main__ - [19:22:05] Processed 309,672/1,000,000 examples (30.97%)
2025-04-08 19:22:10 - INFO - __main__ - [19:22:10] Processed 312,658/1,000,000 examples (31.27%)
2025-04-08 19:22:15 - INFO - __main__ - [19:22:15] Processed 315,547/1,000,000 examples (31.55%)
2025-04-08 19:22:20 - INFO - __main__ - [19:22:20] Processed 318,447/1,000,000 examples (31.84%)
2025-04-08 19:22:25 - INFO - __main__ - [19:22:25] Processed 321,208/1,000,000 examples (32.12%)
2025-04-08 19:22:30 - INFO - __main__ - [19:22:30] Processed 324,100/1,000,000 examples (32.41%)
2025-04-08 19:22:35 - INFO - __main__ - [19:22:35] Processed 326,810/1,000,000 examples (32.68%)
2025-04-08 19:22:40 - INFO - __main__ - [19:22:40] Processed 329,917/1,000,000 examples (32.99%)
2025-04-08 19:22:45 - INFO - __main__ - [19:22:45] Processed 332,843/1,000,000 examples (33.28%)
2025-04-08 19:22:50 - INFO - __main__ - [19:22:50] Processed 335,891/1,000,000 examples (33.59%)
2025-04-08 19:22:55 - INFO - __main__ - [19:22:55] Processed 338,672/1,000,000 examples (33.87%)
2025-04-08 19:23:00 - INFO - __main__ - [19:23:00] Processed 341,713/1,000,000 examples (34.17%)
2025-04-08 19:23:05 - INFO - __main__ - [19:23:05] Processed 344,917/1,000,000 examples (34.49%)
2025-04-08 19:23:10 - INFO - __main__ - [19:23:10] Processed 348,006/1,000,000 examples (34.80%)
2025-04-08 19:23:15 - INFO - __main__ - [19:23:15] Processed 351,087/1,000,000 examples (35.11%)
2025-04-08 19:23:20 - INFO - __main__ - [19:23:20] Processed 354,455/1,000,000 examples (35.45%)
2025-04-08 19:23:25 - INFO - __main__ - [19:23:25] Processed 357,393/1,000,000 examples (35.74%)
2025-04-08 19:23:30 - INFO - __main__ - [19:23:30] Processed 360,259/1,000,000 examples (36.03%)
2025-04-08 19:23:35 - INFO - __main__ - [19:23:35] Processed 363,293/1,000,000 examples (36.33%)
2025-04-08 19:23:40 - INFO - __main__ - [19:23:40] Processed 366,372/1,000,000 examples (36.64%)
2025-04-08 19:23:45 - INFO - __main__ - [19:23:45] Processed 369,445/1,000,000 examples (36.94%)
2025-04-08 19:23:50 - INFO - __main__ - [19:23:50] Processed 372,536/1,000,000 examples (37.25%)
2025-04-08 19:23:55 - INFO - __main__ - [19:23:55] Processed 375,674/1,000,000 examples (37.57%)
2025-04-08 19:24:00 - INFO - __main__ - [19:24:00] Processed 378,825/1,000,000 examples (37.88%)
2025-04-08 19:24:05 - INFO - __main__ - [19:24:05] Processed 381,986/1,000,000 examples (38.20%)
2025-04-08 19:24:10 - INFO - __main__ - [19:24:10] Processed 384,953/1,000,000 examples (38.50%)
2025-04-08 19:24:15 - INFO - __main__ - [19:24:15] Processed 388,085/1,000,000 examples (38.81%)
2025-04-08 19:24:20 - INFO - __main__ - [19:24:20] Processed 391,226/1,000,000 examples (39.12%)
2025-04-08 19:24:25 - INFO - __main__ - [19:24:25] Processed 394,272/1,000,000 examples (39.43%)
2025-04-08 19:24:30 - INFO - __main__ - [19:24:30] Processed 397,718/1,000,000 examples (39.77%)
2025-04-08 19:24:35 - INFO - __main__ - [19:24:35] Processed 400,940/1,000,000 examples (40.09%)
2025-04-08 19:24:40 - INFO - __main__ - [19:24:40] Processed 403,899/1,000,000 examples (40.39%)
2025-04-08 19:24:45 - INFO - __main__ - [19:24:45] Processed 406,937/1,000,000 examples (40.69%)
2025-04-08 19:24:50 - INFO - __main__ - [19:24:50] Processed 410,229/1,000,000 examples (41.02%)
2025-04-08 19:24:55 - INFO - __main__ - [19:24:55] Processed 413,382/1,000,000 examples (41.34%)
2025-04-08 19:25:00 - INFO - __main__ - [19:25:00] Processed 416,495/1,000,000 examples (41.65%)
2025-04-08 19:25:05 - INFO - __main__ - [19:25:05] Processed 419,718/1,000,000 examples (41.97%)
2025-04-08 19:25:10 - INFO - __main__ - [19:25:10] Processed 422,880/1,000,000 examples (42.29%)
2025-04-08 19:25:15 - INFO - __main__ - [19:25:15] Processed 425,952/1,000,000 examples (42.60%)
2025-04-08 19:25:20 - INFO - __main__ - [19:25:20] Processed 428,922/1,000,000 examples (42.89%)
2025-04-08 19:25:25 - INFO - __main__ - [19:25:25] Processed 432,117/1,000,000 examples (43.21%)
2025-04-08 19:25:30 - INFO - __main__ - [19:25:30] Processed 435,470/1,000,000 examples (43.55%)
2025-04-08 19:25:35 - INFO - __main__ - [19:25:35] Processed 438,749/1,000,000 examples (43.87%)
2025-04-08 19:25:40 - INFO - __main__ - [19:25:40] Processed 441,879/1,000,000 examples (44.19%)
2025-04-08 19:25:45 - INFO - __main__ - [19:25:45] Processed 444,940/1,000,000 examples (44.49%)
2025-04-08 19:25:50 - INFO - __main__ - [19:25:50] Processed 448,033/1,000,000 examples (44.80%)
2025-04-08 19:25:55 - INFO - __main__ - [19:25:55] Processed 450,937/1,000,000 examples (45.09%)
2025-04-08 19:26:00 - INFO - __main__ - [19:26:00] Processed 453,849/1,000,000 examples (45.38%)
2025-04-08 19:26:05 - INFO - __main__ - [19:26:05] Processed 457,049/1,000,000 examples (45.70%)
2025-04-08 19:26:10 - INFO - __main__ - [19:26:10] Processed 460,310/1,000,000 examples (46.03%)
2025-04-08 19:26:15 - INFO - __main__ - [19:26:15] Processed 463,246/1,000,000 examples (46.32%)
2025-04-08 19:26:20 - INFO - __main__ - [19:26:20] Processed 466,534/1,000,000 examples (46.65%)
2025-04-08 19:26:25 - INFO - __main__ - [19:26:25] Processed 469,810/1,000,000 examples (46.98%)
2025-04-08 19:26:30 - INFO - __main__ - [19:26:30] Processed 473,011/1,000,000 examples (47.30%)
2025-04-08 19:26:35 - INFO - __main__ - [19:26:35] Processed 476,206/1,000,000 examples (47.62%)
2025-04-08 19:26:40 - INFO - __main__ - [19:26:40] Processed 479,330/1,000,000 examples (47.93%)
2025-04-08 19:26:45 - INFO - __main__ - [19:26:45] Processed 482,562/1,000,000 examples (48.26%)
2025-04-08 19:26:50 - INFO - __main__ - [19:26:50] Processed 485,941/1,000,000 examples (48.59%)
2025-04-08 19:26:55 - INFO - __main__ - [19:26:55] Processed 489,544/1,000,000 examples (48.95%)
2025-04-08 19:27:00 - INFO - __main__ - [19:27:00] Processed 492,993/1,000,000 examples (49.30%)
2025-04-08 19:27:05 - INFO - __main__ - [19:27:05] Processed 496,271/1,000,000 examples (49.63%)
2025-04-08 19:27:10 - INFO - __main__ - [19:27:10] Processed 499,699/1,000,000 examples (49.97%)
2025-04-08 19:27:15 - INFO - __main__ - [19:27:15] Processed 540,731/1,000,000 examples (54.07%)
2025-04-08 19:27:20 - INFO - __main__ - [19:27:20] Processed 585,600/1,000,000 examples (58.56%)
2025-04-08 19:27:25 - INFO - __main__ - [19:27:25] Processed 630,006/1,000,000 examples (63.00%)
2025-04-08 19:27:30 - INFO - __main__ - [19:27:30] Processed 674,804/1,000,000 examples (67.48%)
2025-04-08 19:27:35 - INFO - __main__ - [19:27:35] Processed 720,303/1,000,000 examples (72.03%)
2025-04-08 19:27:40 - INFO - __main__ - [19:27:40] Processed 765,957/1,000,000 examples (76.60%)
2025-04-08 19:27:45 - INFO - __main__ - [19:27:45] Processed 810,868/1,000,000 examples (81.09%)
2025-04-08 19:27:50 - INFO - __main__ - [19:27:50] Processed 849,786/1,000,000 examples (84.98%)
2025-04-08 19:27:55 - INFO - __main__ - [19:27:55] Processed 893,756/1,000,000 examples (89.38%)
2025-04-08 19:28:00 - INFO - __main__ - [19:28:00] Processed 938,674/1,000,000 examples (93.87%)
2025-04-08 19:28:05 - INFO - __main__ - [19:28:05] Processed 983,963/1,000,000 examples (98.40%)
2025-04-08 19:28:07 - INFO - __main__ - [19:28:07] Dataset initialization complete. Created 1,000,000 examples
2025-04-08 19:28:07 - INFO - __main__ - [19:28:07] Dataset size: 1,000,000 examples
2025-04-08 19:28:07 - INFO - __main__ - [19:28:07] Setting up optimizer and scheduler...
2025-04-08 19:28:07 - INFO - __main__ - [19:28:07] Starting training loop...
2025-04-09 00:20:24 - INFO - __main__ - [00:20:24] Saved checkpoint: turbotalk_checkpoints_v2/step_0.pt
2025-04-09 00:20:27 - INFO - __main__ - GPU memory cleared
2025-04-09 02:21:53 - INFO - __main__ - [02:21:53] Starting training process...
2025-04-09 02:21:53 - INFO - __main__ - Environment variables set
2025-04-09 02:21:54 - INFO - __main__ - CUDA device: NVIDIA GeForce RTX 4050 Laptop GPU
2025-04-09 02:21:54 - INFO - __main__ - Total memory: 6.44 GB
2025-04-09 02:21:54 - INFO - __main__ - [02:21:54] Checking memory requirements...
2025-04-09 02:21:54 - INFO - __main__ - Starting dataset loading...
2025-04-09 02:21:54 - INFO - __main__ - [02:21:54] Loading wikipedia dataset...
2025-04-09 02:22:03 - INFO - __main__ - [02:22:03] Limiting wikipedia dataset to 500,000 samples
2025-04-09 02:22:03 - INFO - __main__ - [02:22:03] Successfully loaded wikipedia dataset with 500,000 samples
2025-04-09 02:22:03 - INFO - __main__ - [02:22:03] Added Wikipedia dataset to collection
2025-04-09 02:22:03 - INFO - __main__ - [02:22:03] Loading bookcorpus dataset...
2025-04-09 02:22:09 - INFO - __main__ - [02:22:09] Limiting bookcorpus dataset to 500,000 samples
2025-04-09 02:22:09 - INFO - __main__ - [02:22:09] Successfully loaded bookcorpus dataset with 500,000 samples
2025-04-09 02:22:09 - INFO - __main__ - [02:22:09] Added BookCorpus dataset to collection
2025-04-09 02:22:09 - INFO - __main__ - [02:22:09] Starting dataset processing...
2025-04-09 02:22:09 - INFO - __main__ - [02:22:09] Processing dataset 1/2
2025-04-09 02:22:14 - INFO - __main__ - [02:22:14] Processed 83,419/1,000,000 examples (8.34%)
2025-04-09 02:22:19 - INFO - __main__ - [02:22:19] Processed 153,127/1,000,000 examples (15.31%)
2025-04-09 02:22:24 - INFO - __main__ - [02:22:24] Processed 234,557/1,000,000 examples (23.46%)
2025-04-09 02:22:29 - INFO - __main__ - [02:22:29] Processed 306,794/1,000,000 examples (30.68%)
2025-04-09 02:22:34 - INFO - __main__ - [02:22:34] Processed 359,675/1,000,000 examples (35.97%)
2025-04-09 02:22:39 - INFO - __main__ - [02:22:39] Processed 388,001/1,000,000 examples (38.80%)
2025-04-09 02:22:44 - INFO - __main__ - [02:22:44] Processed 418,087/1,000,000 examples (41.81%)
2025-04-09 02:22:49 - INFO - __main__ - [02:22:49] Processed 449,778/1,000,000 examples (44.98%)
2025-04-09 02:22:51 - INFO - __main__ - [02:22:51] Processing dataset 2/2
2025-04-09 02:22:54 - INFO - __main__ - [02:22:54] Processed 856,994/1,000,000 examples (85.70%)
2025-04-09 02:22:55 - INFO - __main__ - [02:22:55] Dataset loading complete. Loaded 1,000,000 examples, ~512,000,000 tokens
2025-04-09 02:22:56 - INFO - __main__ - Data Loading took 61.33 seconds
2025-04-09 02:22:56 - INFO - __main__ - [02:22:56] Starting tokenizer training...
2025-04-09 02:25:05 - INFO - __main__ - Custom tokenizer trained and saved
2025-04-09 02:25:07 - INFO - __main__ - [02:25:07] Tokenizer training complete
2025-04-09 02:25:07 - INFO - __main__ - Tokenizer Training took 130.77 seconds
2025-04-09 02:25:07 - INFO - __main__ - [02:25:07] Starting model initialization...
2025-04-09 02:26:34 - INFO - __main__ - Total trainable parameters: 3,669,143,040
2025-04-09 02:26:34 - WARNING - __main__ - [02:26:34] Model size 3,669,143,040 is outside the 4-5B range
2025-04-09 02:26:34 - INFO - __main__ - [02:26:34] Moving model to device and applying optimizations...
2025-04-09 02:26:39 - INFO - __main__ - Model Initialization took 92.39 seconds
2025-04-09 02:26:39 - INFO - __main__ - [02:26:39] Creating dataset and dataloader...
2025-04-09 02:26:39 - INFO - __main__ - [02:26:39] Starting SimpleDataset initialization with 1,000,000 examples
2025-04-09 02:26:44 - INFO - __main__ - [02:26:44] Processed 836/1,000,000 examples (0.08%)
2025-04-09 02:26:49 - INFO - __main__ - [02:26:49] Processed 1,794/1,000,000 examples (0.18%)
2025-04-09 02:26:54 - INFO - __main__ - [02:26:54] Processed 2,624/1,000,000 examples (0.26%)
2025-04-09 02:26:59 - INFO - __main__ - [02:26:59] Processed 3,548/1,000,000 examples (0.35%)
2025-04-09 02:27:04 - INFO - __main__ - [02:27:04] Processed 4,422/1,000,000 examples (0.44%)
2025-04-09 02:27:09 - INFO - __main__ - [02:27:09] Processed 5,359/1,000,000 examples (0.54%)
2025-04-09 02:27:14 - INFO - __main__ - [02:27:14] Processed 6,302/1,000,000 examples (0.63%)
2025-04-09 02:27:19 - INFO - __main__ - [02:27:19] Processed 7,040/1,000,000 examples (0.70%)
2025-04-09 02:27:24 - INFO - __main__ - [02:27:24] Processed 7,837/1,000,000 examples (0.78%)
2025-04-09 02:27:29 - INFO - __main__ - [02:27:29] Processed 8,789/1,000,000 examples (0.88%)
2025-04-09 02:27:34 - INFO - __main__ - [02:27:34] Processed 9,676/1,000,000 examples (0.97%)
2025-04-09 02:27:39 - INFO - __main__ - [02:27:39] Processed 10,571/1,000,000 examples (1.06%)
2025-04-09 02:27:44 - INFO - __main__ - [02:27:44] Processed 11,424/1,000,000 examples (1.14%)
2025-04-09 02:27:49 - INFO - __main__ - [02:27:49] Processed 12,475/1,000,000 examples (1.25%)
2025-04-09 02:27:54 - INFO - __main__ - [02:27:54] Processed 13,323/1,000,000 examples (1.33%)
2025-04-09 02:27:59 - INFO - __main__ - [02:27:59] Processed 14,241/1,000,000 examples (1.42%)
2025-04-09 02:28:04 - INFO - __main__ - [02:28:04] Processed 15,080/1,000,000 examples (1.51%)
2025-04-09 02:28:09 - INFO - __main__ - [02:28:09] Processed 15,924/1,000,000 examples (1.59%)
2025-04-09 02:28:14 - INFO - __main__ - [02:28:14] Processed 16,764/1,000,000 examples (1.68%)
2025-04-09 02:28:19 - INFO - __main__ - [02:28:19] Processed 18,595/1,000,000 examples (1.86%)
2025-04-09 02:28:24 - INFO - __main__ - [02:28:24] Processed 19,634/1,000,000 examples (1.96%)
2025-04-09 02:28:29 - INFO - __main__ - [02:28:29] Processed 21,389/1,000,000 examples (2.14%)
2025-04-09 02:28:34 - INFO - __main__ - [02:28:34] Processed 22,681/1,000,000 examples (2.27%)
2025-04-09 02:28:39 - INFO - __main__ - [02:28:39] Processed 23,808/1,000,000 examples (2.38%)
2025-04-09 02:28:44 - INFO - __main__ - [02:28:44] Processed 24,869/1,000,000 examples (2.49%)
2025-04-09 02:28:49 - INFO - __main__ - [02:28:49] Processed 25,763/1,000,000 examples (2.58%)
2025-04-09 02:28:54 - INFO - __main__ - [02:28:54] Processed 26,809/1,000,000 examples (2.68%)
2025-04-09 02:28:59 - INFO - __main__ - [02:28:59] Processed 27,910/1,000,000 examples (2.79%)
2025-04-09 02:29:04 - INFO - __main__ - [02:29:04] Processed 29,024/1,000,000 examples (2.90%)
2025-04-09 02:29:09 - INFO - __main__ - [02:29:09] Processed 30,161/1,000,000 examples (3.02%)
2025-04-09 02:29:14 - INFO - __main__ - [02:29:14] Processed 31,363/1,000,000 examples (3.14%)
2025-04-09 02:29:19 - INFO - __main__ - [02:29:19] Processed 32,533/1,000,000 examples (3.25%)
2025-04-09 02:29:24 - INFO - __main__ - [02:29:24] Processed 33,602/1,000,000 examples (3.36%)
2025-04-09 02:29:29 - INFO - __main__ - [02:29:29] Processed 34,914/1,000,000 examples (3.49%)
2025-04-09 02:29:34 - INFO - __main__ - [02:29:34] Processed 36,047/1,000,000 examples (3.60%)
2025-04-09 02:29:39 - INFO - __main__ - [02:29:39] Processed 37,230/1,000,000 examples (3.72%)
2025-04-09 02:29:44 - INFO - __main__ - [02:29:44] Processed 38,763/1,000,000 examples (3.88%)
2025-04-09 02:29:49 - INFO - __main__ - [02:29:49] Processed 40,563/1,000,000 examples (4.06%)
2025-04-09 02:29:54 - INFO - __main__ - [02:29:54] Processed 42,213/1,000,000 examples (4.22%)
2025-04-09 02:29:59 - INFO - __main__ - [02:29:59] Processed 44,100/1,000,000 examples (4.41%)
2025-04-09 02:30:04 - INFO - __main__ - [02:30:04] Processed 46,252/1,000,000 examples (4.63%)
2025-04-09 02:30:09 - INFO - __main__ - [02:30:09] Processed 48,021/1,000,000 examples (4.80%)
2025-04-09 02:30:14 - INFO - __main__ - [02:30:14] Processed 50,124/1,000,000 examples (5.01%)
2025-04-09 02:30:19 - INFO - __main__ - [02:30:19] Processed 52,347/1,000,000 examples (5.23%)
2025-04-09 02:30:24 - INFO - __main__ - [02:30:24] Processed 55,373/1,000,000 examples (5.54%)
2025-04-09 02:30:29 - INFO - __main__ - [02:30:29] Processed 58,118/1,000,000 examples (5.81%)
2025-04-09 02:30:34 - INFO - __main__ - [02:30:34] Processed 59,558/1,000,000 examples (5.96%)
2025-04-09 02:30:39 - INFO - __main__ - [02:30:39] Processed 60,388/1,000,000 examples (6.04%)
2025-04-09 02:30:44 - INFO - __main__ - [02:30:44] Processed 61,619/1,000,000 examples (6.16%)
2025-04-09 02:30:49 - INFO - __main__ - [02:30:49] Processed 62,927/1,000,000 examples (6.29%)
2025-04-09 02:30:54 - INFO - __main__ - [02:30:54] Processed 64,654/1,000,000 examples (6.47%)
2025-04-09 02:30:59 - INFO - __main__ - [02:30:59] Processed 65,928/1,000,000 examples (6.59%)
2025-04-09 02:31:04 - INFO - __main__ - [02:31:04] Processed 66,986/1,000,000 examples (6.70%)
2025-04-09 02:31:09 - INFO - __main__ - [02:31:09] Processed 67,875/1,000,000 examples (6.79%)
2025-04-09 02:31:14 - INFO - __main__ - [02:31:14] Processed 68,216/1,000,000 examples (6.82%)
2025-04-09 02:31:19 - INFO - __main__ - [02:31:19] Processed 68,680/1,000,000 examples (6.87%)
2025-04-09 02:31:24 - INFO - __main__ - [02:31:24] Processed 69,497/1,000,000 examples (6.95%)
2025-04-09 02:31:29 - INFO - __main__ - [02:31:29] Processed 70,242/1,000,000 examples (7.02%)
2025-04-09 02:31:34 - INFO - __main__ - [02:31:34] Processed 71,227/1,000,000 examples (7.12%)
2025-04-09 02:31:39 - INFO - __main__ - [02:31:39] Processed 72,145/1,000,000 examples (7.21%)
2025-04-09 02:31:44 - INFO - __main__ - [02:31:44] Processed 73,187/1,000,000 examples (7.32%)
2025-04-09 02:31:49 - INFO - __main__ - [02:31:49] Processed 74,415/1,000,000 examples (7.44%)
2025-04-09 02:31:54 - INFO - __main__ - [02:31:54] Processed 75,604/1,000,000 examples (7.56%)
2025-04-09 02:31:59 - INFO - __main__ - [02:31:59] Processed 76,848/1,000,000 examples (7.68%)
2025-04-09 02:32:04 - INFO - __main__ - [02:32:04] Processed 77,945/1,000,000 examples (7.79%)
2025-04-09 02:32:09 - INFO - __main__ - [02:32:09] Processed 78,969/1,000,000 examples (7.90%)
2025-04-09 02:32:14 - INFO - __main__ - [02:32:14] Processed 79,939/1,000,000 examples (7.99%)
2025-04-09 02:32:19 - INFO - __main__ - [02:32:19] Processed 80,961/1,000,000 examples (8.10%)
2025-04-09 02:32:24 - INFO - __main__ - [02:32:24] Processed 82,292/1,000,000 examples (8.23%)
2025-04-09 02:32:29 - INFO - __main__ - [02:32:29] Processed 83,287/1,000,000 examples (8.33%)
2025-04-09 02:32:34 - INFO - __main__ - [02:32:34] Processed 84,809/1,000,000 examples (8.48%)
2025-04-09 02:32:39 - INFO - __main__ - [02:32:39] Processed 86,364/1,000,000 examples (8.64%)
2025-04-09 02:32:44 - INFO - __main__ - [02:32:44] Processed 88,155/1,000,000 examples (8.82%)
2025-04-09 02:32:49 - INFO - __main__ - [02:32:49] Processed 89,889/1,000,000 examples (8.99%)
2025-04-09 02:32:54 - INFO - __main__ - [02:32:54] Processed 91,377/1,000,000 examples (9.14%)
2025-04-09 02:32:59 - INFO - __main__ - [02:32:59] Processed 92,618/1,000,000 examples (9.26%)
2025-04-09 02:33:04 - INFO - __main__ - [02:33:04] Processed 93,943/1,000,000 examples (9.39%)
2025-04-09 02:33:09 - INFO - __main__ - [02:33:09] Processed 95,350/1,000,000 examples (9.54%)
2025-04-09 02:33:14 - INFO - __main__ - [02:33:14] Processed 96,777/1,000,000 examples (9.68%)
2025-04-09 02:33:19 - INFO - __main__ - [02:33:19] Processed 98,500/1,000,000 examples (9.85%)
2025-04-09 02:33:24 - INFO - __main__ - [02:33:24] Processed 100,163/1,000,000 examples (10.02%)
2025-04-09 02:33:29 - INFO - __main__ - [02:33:29] Processed 101,696/1,000,000 examples (10.17%)
2025-04-09 02:33:34 - INFO - __main__ - [02:33:34] Processed 103,294/1,000,000 examples (10.33%)
2025-04-09 02:33:39 - INFO - __main__ - [02:33:39] Processed 104,933/1,000,000 examples (10.49%)
2025-04-09 02:33:44 - INFO - __main__ - [02:33:44] Processed 106,554/1,000,000 examples (10.66%)
2025-04-09 02:33:49 - INFO - __main__ - [02:33:49] Processed 108,281/1,000,000 examples (10.83%)
2025-04-09 02:33:54 - INFO - __main__ - [02:33:54] Processed 109,969/1,000,000 examples (11.00%)
2025-04-09 02:33:59 - INFO - __main__ - [02:33:59] Processed 111,684/1,000,000 examples (11.17%)
2025-04-09 02:34:04 - INFO - __main__ - [02:34:04] Processed 113,468/1,000,000 examples (11.35%)
2025-04-09 02:34:09 - INFO - __main__ - [02:34:09] Processed 115,265/1,000,000 examples (11.53%)
2025-04-09 02:34:14 - INFO - __main__ - [02:34:14] Processed 117,162/1,000,000 examples (11.72%)
2025-04-09 02:34:19 - INFO - __main__ - [02:34:19] Processed 118,860/1,000,000 examples (11.89%)
2025-04-09 02:34:24 - INFO - __main__ - [02:34:24] Processed 120,661/1,000,000 examples (12.07%)
2025-04-09 02:34:29 - INFO - __main__ - [02:34:29] Processed 122,243/1,000,000 examples (12.22%)
2025-04-09 02:34:34 - INFO - __main__ - [02:34:34] Processed 123,999/1,000,000 examples (12.40%)
2025-04-09 02:34:39 - INFO - __main__ - [02:34:39] Processed 125,603/1,000,000 examples (12.56%)
2025-04-09 02:34:44 - INFO - __main__ - [02:34:44] Processed 127,399/1,000,000 examples (12.74%)
2025-04-09 02:34:49 - INFO - __main__ - [02:34:49] Processed 129,096/1,000,000 examples (12.91%)
2025-04-09 02:34:54 - INFO - __main__ - [02:34:54] Processed 130,574/1,000,000 examples (13.06%)
2025-04-09 02:34:59 - INFO - __main__ - [02:34:59] Processed 132,095/1,000,000 examples (13.21%)
2025-04-09 02:35:04 - INFO - __main__ - [02:35:04] Processed 133,543/1,000,000 examples (13.35%)
2025-04-09 02:35:09 - INFO - __main__ - [02:35:09] Processed 135,369/1,000,000 examples (13.54%)
2025-04-09 02:35:14 - INFO - __main__ - [02:35:14] Processed 137,040/1,000,000 examples (13.70%)
2025-04-09 02:35:19 - INFO - __main__ - [02:35:19] Processed 138,764/1,000,000 examples (13.88%)
2025-04-09 02:35:24 - INFO - __main__ - [02:35:24] Processed 140,395/1,000,000 examples (14.04%)
2025-04-09 02:35:29 - INFO - __main__ - [02:35:29] Processed 142,012/1,000,000 examples (14.20%)
2025-04-09 02:35:34 - INFO - __main__ - [02:35:34] Processed 143,811/1,000,000 examples (14.38%)
2025-04-09 02:35:39 - INFO - __main__ - [02:35:39] Processed 145,692/1,000,000 examples (14.57%)
2025-04-09 02:35:44 - INFO - __main__ - [02:35:44] Processed 147,610/1,000,000 examples (14.76%)
2025-04-09 02:35:49 - INFO - __main__ - [02:35:49] Processed 149,760/1,000,000 examples (14.98%)
2025-04-09 02:35:54 - INFO - __main__ - [02:35:54] Processed 151,702/1,000,000 examples (15.17%)
2025-04-09 02:35:59 - INFO - __main__ - [02:35:59] Processed 153,671/1,000,000 examples (15.37%)
2025-04-09 02:36:04 - INFO - __main__ - [02:36:04] Processed 155,623/1,000,000 examples (15.56%)
2025-04-09 02:36:09 - INFO - __main__ - [02:36:09] Processed 157,529/1,000,000 examples (15.75%)
2025-04-09 02:36:14 - INFO - __main__ - [02:36:14] Processed 159,330/1,000,000 examples (15.93%)
2025-04-09 02:36:19 - INFO - __main__ - [02:36:19] Processed 161,208/1,000,000 examples (16.12%)
2025-04-09 02:36:24 - INFO - __main__ - [02:36:24] Processed 163,209/1,000,000 examples (16.32%)
2025-04-09 02:36:29 - INFO - __main__ - [02:36:29] Processed 165,234/1,000,000 examples (16.52%)
2025-04-09 02:36:34 - INFO - __main__ - [02:36:34] Processed 167,365/1,000,000 examples (16.74%)
2025-04-09 02:36:39 - INFO - __main__ - [02:36:39] Processed 169,468/1,000,000 examples (16.95%)
2025-04-09 02:36:44 - INFO - __main__ - [02:36:44] Processed 171,535/1,000,000 examples (17.15%)
2025-04-09 02:36:49 - INFO - __main__ - [02:36:49] Processed 173,569/1,000,000 examples (17.36%)
2025-04-09 02:36:54 - INFO - __main__ - [02:36:54] Processed 175,597/1,000,000 examples (17.56%)
2025-04-09 02:36:59 - INFO - __main__ - [02:36:59] Processed 177,712/1,000,000 examples (17.77%)
2025-04-09 02:37:04 - INFO - __main__ - [02:37:04] Processed 179,979/1,000,000 examples (18.00%)
2025-04-09 02:37:09 - INFO - __main__ - [02:37:09] Processed 182,088/1,000,000 examples (18.21%)
2025-04-09 02:37:15 - INFO - __main__ - [02:37:15] Processed 184,282/1,000,000 examples (18.43%)
2025-04-09 02:37:20 - INFO - __main__ - [02:37:20] Processed 186,532/1,000,000 examples (18.65%)
2025-04-09 02:37:25 - INFO - __main__ - [02:37:25] Processed 188,828/1,000,000 examples (18.88%)
2025-04-09 02:37:30 - INFO - __main__ - [02:37:30] Processed 191,222/1,000,000 examples (19.12%)
2025-04-09 02:37:35 - INFO - __main__ - [02:37:35] Processed 193,623/1,000,000 examples (19.36%)
2025-04-09 02:37:40 - INFO - __main__ - [02:37:40] Processed 196,094/1,000,000 examples (19.61%)
2025-04-09 02:37:45 - INFO - __main__ - [02:37:45] Processed 198,457/1,000,000 examples (19.85%)
2025-04-09 02:37:50 - INFO - __main__ - [02:37:50] Processed 200,704/1,000,000 examples (20.07%)
2025-04-09 02:37:55 - INFO - __main__ - [02:37:55] Processed 203,135/1,000,000 examples (20.31%)
2025-04-09 02:38:00 - INFO - __main__ - [02:38:00] Processed 205,742/1,000,000 examples (20.57%)
2025-04-09 02:38:05 - INFO - __main__ - [02:38:05] Processed 208,014/1,000,000 examples (20.80%)
2025-04-09 02:38:10 - INFO - __main__ - [02:38:10] Processed 210,505/1,000,000 examples (21.05%)
2025-04-09 02:38:15 - INFO - __main__ - [02:38:15] Processed 213,055/1,000,000 examples (21.31%)
2025-04-09 02:38:20 - INFO - __main__ - [02:38:20] Processed 215,523/1,000,000 examples (21.55%)
2025-04-09 02:38:25 - INFO - __main__ - [02:38:25] Processed 217,990/1,000,000 examples (21.80%)
2025-04-09 02:38:30 - INFO - __main__ - [02:38:30] Processed 220,316/1,000,000 examples (22.03%)
2025-04-09 02:38:35 - INFO - __main__ - [02:38:35] Processed 222,393/1,000,000 examples (22.24%)
2025-04-09 02:38:40 - INFO - __main__ - [02:38:40] Processed 224,694/1,000,000 examples (22.47%)
2025-04-09 02:38:45 - INFO - __main__ - [02:38:45] Processed 227,166/1,000,000 examples (22.72%)
2025-04-09 02:38:50 - INFO - __main__ - [02:38:50] Processed 229,822/1,000,000 examples (22.98%)
2025-04-09 02:38:55 - INFO - __main__ - [02:38:55] Processed 232,168/1,000,000 examples (23.22%)
2025-04-09 02:39:00 - INFO - __main__ - [02:39:00] Processed 234,556/1,000,000 examples (23.46%)
2025-04-09 02:39:05 - INFO - __main__ - [02:39:05] Processed 236,901/1,000,000 examples (23.69%)
2025-04-09 02:39:10 - INFO - __main__ - [02:39:10] Processed 239,844/1,000,000 examples (23.98%)
2025-04-09 02:39:15 - INFO - __main__ - [02:39:15] Processed 242,206/1,000,000 examples (24.22%)
2025-04-09 02:39:20 - INFO - __main__ - [02:39:20] Processed 244,660/1,000,000 examples (24.47%)
2025-04-09 02:39:25 - INFO - __main__ - [02:39:25] Processed 247,264/1,000,000 examples (24.73%)
2025-04-09 02:39:30 - INFO - __main__ - [02:39:30] Processed 249,637/1,000,000 examples (24.96%)
2025-04-09 02:39:35 - INFO - __main__ - [02:39:35] Processed 252,049/1,000,000 examples (25.20%)
2025-04-09 02:39:40 - INFO - __main__ - [02:39:40] Processed 254,539/1,000,000 examples (25.45%)
2025-04-09 02:39:45 - INFO - __main__ - [02:39:45] Processed 257,084/1,000,000 examples (25.71%)
2025-04-09 02:39:50 - INFO - __main__ - [02:39:50] Processed 259,860/1,000,000 examples (25.99%)
2025-04-09 02:39:55 - INFO - __main__ - [02:39:55] Processed 261,427/1,000,000 examples (26.14%)
2025-04-09 02:40:00 - INFO - __main__ - [02:40:00] Processed 263,358/1,000,000 examples (26.34%)
2025-04-09 02:40:05 - INFO - __main__ - [02:40:05] Processed 265,945/1,000,000 examples (26.59%)
2025-04-09 02:40:10 - INFO - __main__ - [02:40:10] Processed 268,506/1,000,000 examples (26.85%)
2025-04-09 02:40:15 - INFO - __main__ - [02:40:15] Processed 271,180/1,000,000 examples (27.12%)
2025-04-09 02:40:20 - INFO - __main__ - [02:40:20] Processed 273,726/1,000,000 examples (27.37%)
2025-04-09 02:40:25 - INFO - __main__ - [02:40:25] Processed 276,661/1,000,000 examples (27.67%)
2025-04-09 02:40:30 - INFO - __main__ - [02:40:30] Processed 279,175/1,000,000 examples (27.92%)
2025-04-09 02:40:35 - INFO - __main__ - [02:40:35] Processed 281,678/1,000,000 examples (28.17%)
2025-04-09 02:40:40 - INFO - __main__ - [02:40:40] Processed 284,337/1,000,000 examples (28.43%)
2025-04-09 02:40:45 - INFO - __main__ - [02:40:45] Processed 287,042/1,000,000 examples (28.70%)
2025-04-09 02:40:50 - INFO - __main__ - [02:40:50] Processed 290,007/1,000,000 examples (29.00%)
2025-04-09 02:40:55 - INFO - __main__ - [02:40:55] Processed 292,760/1,000,000 examples (29.28%)
2025-04-09 02:41:00 - INFO - __main__ - [02:41:00] Processed 295,512/1,000,000 examples (29.55%)
2025-04-09 02:41:05 - INFO - __main__ - [02:41:05] Processed 298,187/1,000,000 examples (29.82%)
2025-04-09 02:41:10 - INFO - __main__ - [02:41:10] Processed 300,718/1,000,000 examples (30.07%)
2025-04-09 02:41:15 - INFO - __main__ - [02:41:15] Processed 303,289/1,000,000 examples (30.33%)
2025-04-09 02:41:20 - INFO - __main__ - [02:41:20] Processed 306,297/1,000,000 examples (30.63%)
2025-04-09 02:41:25 - INFO - __main__ - [02:41:25] Processed 309,332/1,000,000 examples (30.93%)
2025-04-09 02:41:30 - INFO - __main__ - [02:41:30] Processed 312,139/1,000,000 examples (31.21%)
2025-04-09 02:41:35 - INFO - __main__ - [02:41:35] Processed 315,088/1,000,000 examples (31.51%)
2025-04-09 02:41:40 - INFO - __main__ - [02:41:40] Processed 317,809/1,000,000 examples (31.78%)
2025-04-09 02:41:45 - INFO - __main__ - [02:41:45] Processed 320,571/1,000,000 examples (32.06%)
2025-04-09 02:41:50 - INFO - __main__ - [02:41:50] Processed 323,196/1,000,000 examples (32.32%)
2025-04-09 02:41:55 - INFO - __main__ - [02:41:55] Processed 326,026/1,000,000 examples (32.60%)
2025-04-09 02:42:00 - INFO - __main__ - [02:42:00] Processed 329,025/1,000,000 examples (32.90%)
2025-04-09 02:42:05 - INFO - __main__ - [02:42:05] Processed 331,980/1,000,000 examples (33.20%)
2025-04-09 02:42:10 - INFO - __main__ - [02:42:10] Processed 334,952/1,000,000 examples (33.50%)
2025-04-09 02:42:15 - INFO - __main__ - [02:42:15] Processed 337,873/1,000,000 examples (33.79%)
2025-04-09 02:42:20 - INFO - __main__ - [02:42:20] Processed 340,530/1,000,000 examples (34.05%)
2025-04-09 02:42:25 - INFO - __main__ - [02:42:25] Processed 343,724/1,000,000 examples (34.37%)
2025-04-09 02:42:30 - INFO - __main__ - [02:42:30] Processed 346,756/1,000,000 examples (34.68%)
2025-04-09 02:42:35 - INFO - __main__ - [02:42:35] Processed 349,840/1,000,000 examples (34.98%)
2025-04-09 02:42:40 - INFO - __main__ - [02:42:40] Processed 352,984/1,000,000 examples (35.30%)
2025-04-09 02:42:45 - INFO - __main__ - [02:42:45] Processed 356,144/1,000,000 examples (35.61%)
2025-04-09 02:42:50 - INFO - __main__ - [02:42:50] Processed 358,882/1,000,000 examples (35.89%)
2025-04-09 02:42:55 - INFO - __main__ - [02:42:55] Processed 361,965/1,000,000 examples (36.20%)
2025-04-09 02:43:00 - INFO - __main__ - [02:43:00] Processed 364,819/1,000,000 examples (36.48%)
2025-04-09 02:43:05 - INFO - __main__ - [02:43:05] Processed 367,950/1,000,000 examples (36.80%)
2025-04-09 02:43:10 - INFO - __main__ - [02:43:10] Processed 370,791/1,000,000 examples (37.08%)
2025-04-09 02:43:15 - INFO - __main__ - [02:43:15] Processed 373,844/1,000,000 examples (37.38%)
2025-04-09 02:43:20 - INFO - __main__ - [02:43:20] Processed 377,081/1,000,000 examples (37.71%)
2025-04-09 02:43:25 - INFO - __main__ - [02:43:25] Processed 380,110/1,000,000 examples (38.01%)
2025-04-09 02:43:30 - INFO - __main__ - [02:43:30] Processed 382,979/1,000,000 examples (38.30%)
2025-04-09 02:43:35 - INFO - __main__ - [02:43:35] Processed 386,036/1,000,000 examples (38.60%)
2025-04-09 02:43:40 - INFO - __main__ - [02:43:40] Processed 389,120/1,000,000 examples (38.91%)
2025-04-09 02:43:45 - INFO - __main__ - [02:43:45] Processed 392,218/1,000,000 examples (39.22%)
2025-04-09 02:43:50 - INFO - __main__ - [02:43:50] Processed 395,342/1,000,000 examples (39.53%)
2025-04-09 02:43:55 - INFO - __main__ - [02:43:55] Processed 398,739/1,000,000 examples (39.87%)
2025-04-09 02:44:00 - INFO - __main__ - [02:44:00] Processed 401,859/1,000,000 examples (40.19%)
2025-04-09 02:44:05 - INFO - __main__ - [02:44:05] Processed 404,828/1,000,000 examples (40.48%)
2025-04-09 02:44:10 - INFO - __main__ - [02:44:10] Processed 407,885/1,000,000 examples (40.79%)
2025-04-09 02:44:15 - INFO - __main__ - [02:44:15] Processed 411,200/1,000,000 examples (41.12%)
2025-04-09 02:44:20 - INFO - __main__ - [02:44:20] Processed 414,298/1,000,000 examples (41.43%)
2025-04-09 02:44:25 - INFO - __main__ - [02:44:25] Processed 417,497/1,000,000 examples (41.75%)
2025-04-09 02:44:30 - INFO - __main__ - [02:44:30] Processed 420,551/1,000,000 examples (42.06%)
2025-04-09 02:44:35 - INFO - __main__ - [02:44:35] Processed 423,745/1,000,000 examples (42.37%)
2025-04-09 02:44:40 - INFO - __main__ - [02:44:40] Processed 426,811/1,000,000 examples (42.68%)
2025-04-09 02:44:45 - INFO - __main__ - [02:44:45] Processed 429,888/1,000,000 examples (42.99%)
2025-04-09 02:44:50 - INFO - __main__ - [02:44:50] Processed 433,073/1,000,000 examples (43.31%)
2025-04-09 02:44:55 - INFO - __main__ - [02:44:55] Processed 436,384/1,000,000 examples (43.64%)
2025-04-09 02:45:00 - INFO - __main__ - [02:45:00] Processed 439,635/1,000,000 examples (43.96%)
2025-04-09 02:45:05 - INFO - __main__ - [02:45:05] Processed 442,723/1,000,000 examples (44.27%)
2025-04-09 02:45:10 - INFO - __main__ - [02:45:10] Processed 445,780/1,000,000 examples (44.58%)
2025-04-09 02:45:15 - INFO - __main__ - [02:45:15] Processed 448,822/1,000,000 examples (44.88%)
2025-04-09 02:45:20 - INFO - __main__ - [02:45:20] Processed 451,725/1,000,000 examples (45.17%)
2025-04-09 02:45:25 - INFO - __main__ - [02:45:25] Processed 454,849/1,000,000 examples (45.48%)
2025-04-09 02:45:30 - INFO - __main__ - [02:45:30] Processed 458,054/1,000,000 examples (45.81%)
2025-04-09 02:45:35 - INFO - __main__ - [02:45:35] Processed 461,224/1,000,000 examples (46.12%)
2025-04-09 02:45:40 - INFO - __main__ - [02:45:40] Processed 464,399/1,000,000 examples (46.44%)
2025-04-09 02:45:45 - INFO - __main__ - [02:45:45] Processed 467,629/1,000,000 examples (46.76%)
2025-04-09 02:45:50 - INFO - __main__ - [02:45:50] Processed 470,912/1,000,000 examples (47.09%)
2025-04-09 02:45:55 - INFO - __main__ - [02:45:55] Processed 473,931/1,000,000 examples (47.39%)
2025-04-09 02:46:00 - INFO - __main__ - [02:46:00] Processed 477,139/1,000,000 examples (47.71%)
2025-04-09 02:46:05 - INFO - __main__ - [02:46:05] Processed 479,995/1,000,000 examples (48.00%)
2025-04-09 02:46:10 - INFO - __main__ - [02:46:10] Processed 483,129/1,000,000 examples (48.31%)
2025-04-09 02:46:15 - INFO - __main__ - [02:46:15] Processed 486,590/1,000,000 examples (48.66%)
2025-04-09 02:46:20 - INFO - __main__ - [02:46:20] Processed 490,182/1,000,000 examples (49.02%)
2025-04-09 02:46:25 - INFO - __main__ - [02:46:25] Processed 493,578/1,000,000 examples (49.36%)
2025-04-09 02:46:30 - INFO - __main__ - [02:46:30] Processed 496,886/1,000,000 examples (49.69%)
2025-04-09 02:46:35 - INFO - __main__ - [02:46:35] Processed 504,841/1,000,000 examples (50.48%)
2025-04-09 02:46:40 - INFO - __main__ - [02:46:40] Processed 550,129/1,000,000 examples (55.01%)
2025-04-09 02:46:45 - INFO - __main__ - [02:46:45] Processed 595,960/1,000,000 examples (59.60%)
2025-04-09 02:46:50 - INFO - __main__ - [02:46:50] Processed 640,526/1,000,000 examples (64.05%)
2025-04-09 02:46:55 - INFO - __main__ - [02:46:55] Processed 680,878/1,000,000 examples (68.09%)
2025-04-09 02:47:00 - INFO - __main__ - [02:47:00] Processed 726,137/1,000,000 examples (72.61%)
2025-04-09 02:47:05 - INFO - __main__ - [02:47:05] Processed 771,696/1,000,000 examples (77.17%)
2025-04-09 02:47:10 - INFO - __main__ - [02:47:10] Processed 816,296/1,000,000 examples (81.63%)
2025-04-09 02:47:15 - INFO - __main__ - [02:47:15] Processed 861,173/1,000,000 examples (86.12%)
2025-04-09 02:47:20 - INFO - __main__ - [02:47:20] Processed 899,719/1,000,000 examples (89.97%)
2025-04-09 02:47:25 - INFO - __main__ - [02:47:25] Processed 944,670/1,000,000 examples (94.47%)
2025-04-09 02:47:30 - INFO - __main__ - [02:47:30] Processed 990,301/1,000,000 examples (99.03%)
2025-04-09 02:47:31 - INFO - __main__ - [02:47:31] Dataset initialization complete. Created 1,000,000 examples
2025-04-09 02:47:31 - INFO - __main__ - [02:47:31] Dataset size: 1,000,000 examples
2025-04-09 02:47:31 - INFO - __main__ - [02:47:31] Setting up optimizer and scheduler...
2025-04-09 02:47:31 - INFO - __main__ - [02:47:31] Starting training loop...
2025-04-09 03:40:37 - INFO - __main__ - [03:40:37] Starting training process...
2025-04-09 03:40:37 - INFO - __main__ - Environment variables set
2025-04-09 03:40:38 - INFO - __main__ - CUDA device: NVIDIA GeForce RTX 4050 Laptop GPU
2025-04-09 03:40:38 - INFO - __main__ - Total memory: 6.44 GB
2025-04-09 03:40:38 - INFO - __main__ - [03:40:38] Checking memory requirements...
2025-04-09 03:40:38 - INFO - __main__ - Using fast training mode with small dataset...
2025-04-09 03:40:52 - INFO - __main__ - Fast training dataset: 1000 examples
2025-04-09 03:40:52 - INFO - __main__ - Data Loading took 13.70 seconds
2025-04-09 03:40:52 - INFO - __main__ - [03:40:52] Starting tokenizer training...
2025-04-09 03:40:52 - INFO - __main__ - Custom tokenizer trained and saved
2025-04-09 03:40:52 - INFO - __main__ - [03:40:52] Tokenizer training complete
2025-04-09 03:40:52 - INFO - __main__ - Tokenizer Training took 0.27 seconds
2025-04-09 03:40:52 - INFO - __main__ - [03:40:52] Starting model initialization...
2025-04-09 03:41:21 - INFO - __main__ - Total trainable parameters: 3,669,143,040
2025-04-09 03:41:21 - WARNING - __main__ - [03:41:21] Model size 3,669,143,040 is outside the 4-5B range
2025-04-09 03:41:21 - INFO - __main__ - [03:41:21] Moving model to device and applying optimizations...
2025-04-09 03:41:27 - INFO - __main__ - Model Initialization took 34.41 seconds
2025-04-09 03:41:27 - INFO - __main__ - [03:41:27] Creating dataset and dataloader...
2025-04-09 03:41:27 - INFO - __main__ - [03:41:27] Starting SimpleDataset initialization with 1,000 examples
2025-04-09 03:41:27 - INFO - __main__ - [03:41:27] Dataset initialization complete. Created 1,000 examples
2025-04-09 03:41:27 - INFO - __main__ - [03:41:27] Dataset size: 1,000 examples
2025-04-09 03:41:27 - INFO - __main__ - [03:41:27] Setting up optimizer and scheduler...
2025-04-09 03:41:27 - INFO - __main__ - [03:41:27] Starting training loop...
